Using pre-set license
Built from '2020.3/staging' branch; Version is '2020.3.10f1 (297d780c91bc) revision 2719096'; Using compiler version '192528614'; Build Type 'Release'
OS: 'Windows 10 Home Single Language; OS build 19041.985; Version 2004; 64bit' Language: 'pt' Physical Memory: 16303 MB
BatchMode: 1, IsHumanControllingUs: 0, StartBugReporterOnCrash: 0, Is64bit: 1, IsPro: 0

 COMMAND LINE ARGUMENTS:
D:\Program Files\Unity\Hub\Editor\2020.3.10f1\Editor\Unity.exe
-adb2
-batchMode
-noUpm
-name
AssetImportWorker1
-projectPath
D:/GitHub/Unity/AudioVisualizationDJ
-logFile
Logs/AssetImportWorker1.log
-srvPort
53908
Successfully changed project path to: D:/GitHub/Unity/AudioVisualizationDJ
D:/GitHub/Unity/AudioVisualizationDJ
Using Asset Import Pipeline V2.
Refreshing native plugins compatible for Editor in 41.41 ms, found 2 plugins.
Preloading 0 native plugins for Editor in 0.00 ms.
Initialize engine version: 2020.3.10f1 (297d780c91bc)
[Subsystems] Discovering subsystems at path D:/Program Files/Unity/Hub/Editor/2020.3.10f1/Editor/Data/Resources/UnitySubsystems
[Subsystems] Discovering subsystems at path D:/GitHub/Unity/AudioVisualizationDJ/Assets
GfxDevice: creating device client; threaded=0
Direct3D:
    Version:  Direct3D 11.0 [level 11.1]
    Renderer: NVIDIA GeForce RTX 2060 (ID=0x1f11)
    Vendor:   
    VRAM:     5980 MB
    Driver:   26.21.14.4223
Initialize mono
Mono path[0] = 'D:/Program Files/Unity/Hub/Editor/2020.3.10f1/Editor/Data/Managed'
Mono path[1] = 'D:/Program Files/Unity/Hub/Editor/2020.3.10f1/Editor/Data/MonoBleedingEdge/lib/mono/unityjit'
Mono config path = 'D:/Program Files/Unity/Hub/Editor/2020.3.10f1/Editor/Data/MonoBleedingEdge/etc'
Using monoOptions --debugger-agent=transport=dt_socket,embedding=1,server=y,suspend=n,address=127.0.0.1:56740
Begin MonoManager ReloadAssembly
Registering precompiled unity dll's ...
Register platform support module: D:/Program Files/Unity/Hub/Editor/2020.3.10f1/Editor/Data/PlaybackEngines/WebGLSupport/UnityEditor.WebGL.Extensions.dll
Register platform support module: D:/Program Files/Unity/Hub/Editor/2020.3.10f1/Editor/Data/PlaybackEngines/WindowsStandaloneSupport/UnityEditor.WindowsStandalone.Extensions.dll
Registered in 0.001815 seconds.
Native extension for WindowsStandalone target not found
Native extension for WebGL target not found
Refreshing native plugins compatible for Editor in 41.05 ms, found 2 plugins.
Preloading 0 native plugins for Editor in 0.00 ms.
Mono: successfully reloaded assembly
- Completed reload, in  9.855 seconds
Platform modules already initialized, skipping
Registering precompiled user dll's ...
Registered in 0.033750 seconds.
Begin MonoManager ReloadAssembly
Native extension for WindowsStandalone target not found
Native extension for WebGL target not found
Refreshing native plugins compatible for Editor in 0.67 ms, found 2 plugins.
Preloading 0 native plugins for Editor in 0.00 ms.
Mono: successfully reloaded assembly
- Completed reload, in  1.489 seconds
Platform modules already initialized, skipping
========================================================================
Worker process is ready to serve import requests
Launched and connected shader compiler UnityShaderCompiler.exe after 0.22 seconds
Refreshing native plugins compatible for Editor in 0.40 ms, found 2 plugins.
Preloading 0 native plugins for Editor in 0.00 ms.
Unloading 1523 Unused Serialized files (Serialized files now loaded: 0)
System memory in use before: 73.7 MB.
System memory in use after: 73.8 MB.

Unloading 18 unused Assets to reduce memory usage. Loaded Objects now: 1960.
Total: 2.634400 ms (FindLiveObjects: 0.195800 ms CreateObjectMapping: 0.072400 ms MarkObjects: 2.286900 ms  DeleteObjects: 0.078300 ms)

========================================================================
Received Import Request.
  path: Assets/Scenes/SampleScene.unity
  artifactKey: Guid(9fc0d4010bbf28b4594072e72b8655ab) Importer(815301076,1909f56bfc062723c751e8b465ee728b)
Start importing Assets/Scenes/SampleScene.unity using Guid(9fc0d4010bbf28b4594072e72b8655ab) Importer(815301076,1909f56bfc062723c751e8b465ee728b)  -> (artifact id: '5b6ab6b3df8800972e8bc4405bdf0aeb') in 0.020701 seconds
  Import took 0.095085 seconds .

========================================================================
Received Import Request.
  Time since last request: 160.787948 seconds.
  path: Assets/Scripts
  artifactKey: Guid(f9030a6d359908a4fb0344ec2d2515d8) Importer(815301076,1909f56bfc062723c751e8b465ee728b)
Start importing Assets/Scripts using Guid(f9030a6d359908a4fb0344ec2d2515d8) Importer(815301076,1909f56bfc062723c751e8b465ee728b)  -> (artifact id: '95d73c425455a18dc7d05ac5ca6b6342') in 0.007424 seconds
  Import took 0.010183 seconds .

========================================================================
Received Import Request.
  Time since last request: 5.872656 seconds.
  path: Assets/Scripts/Audio
  artifactKey: Guid(2b5941a1cb690f542b3d701aa378df5a) Importer(815301076,1909f56bfc062723c751e8b465ee728b)
Start importing Assets/Scripts/Audio using Guid(2b5941a1cb690f542b3d701aa378df5a) Importer(815301076,1909f56bfc062723c751e8b465ee728b)  -> (artifact id: 'a81f92f63f84aba0226535ca656b6dc2') in 0.007239 seconds
  Import took 0.046390 seconds .

========================================================================
Received Import Request.
  Time since last request: 2.874171 seconds.
  path: Assets/Scripts/Audio/NoteRecorder
  artifactKey: Guid(09703734a3a46a040b5830a22a6a3d9c) Importer(815301076,1909f56bfc062723c751e8b465ee728b)
Start importing Assets/Scripts/Audio/NoteRecorder using Guid(09703734a3a46a040b5830a22a6a3d9c) Importer(815301076,1909f56bfc062723c751e8b465ee728b)  -> (artifact id: 'c5e1f3b4db707f086c70b0ee63a2a059') in 0.006490 seconds
  Import took 0.063201 seconds .

========================================================================
Received Import Request.
  Time since last request: 0.913999 seconds.
  path: Assets/Scripts/Audio/NoteRecorder/NoteRecorderEditorWindow.cs
  artifactKey: Guid(a029698463ca62c4c8d29423d9c210c8) Importer(815301076,1909f56bfc062723c751e8b465ee728b)
Start importing Assets/Scripts/Audio/NoteRecorder/NoteRecorderEditorWindow.cs using Guid(a029698463ca62c4c8d29423d9c210c8) Importer(815301076,1909f56bfc062723c751e8b465ee728b)  -> (artifact id: 'eeb71f6189e80a6504cc0dee5cfdc4fd') in 0.046736 seconds
  Import took 0.111843 seconds .

========================================================================
Received Import Request.
  Time since last request: 0.020511 seconds.
  path: Assets/Scripts/Audio/NoteRecorder/NoteRecorderEditorWindow.cs
  artifactKey: Guid(a029698463ca62c4c8d29423d9c210c8) Importer(815301076,1909f56bfc062723c751e8b465ee728b)
Start importing Assets/Scripts/Audio/NoteRecorder/NoteRecorderEditorWindow.cs using Guid(a029698463ca62c4c8d29423d9c210c8) Importer(815301076,1909f56bfc062723c751e8b465ee728b)  -> (artifact id: 'eeb71f6189e80a6504cc0dee5cfdc4fd') in 0.002595 seconds
  Import took 0.032253 seconds .

========================================================================
Received Import Request.
  Time since last request: 318.301375 seconds.
  path: Assets/Scripts/Audio/NoteRecorder/NoteRecorderEditorInspector.cs
  artifactKey: Guid(a6d21440695444d4a939f357a8e857fe) Importer(815301076,1909f56bfc062723c751e8b465ee728b)
Start importing Assets/Scripts/Audio/NoteRecorder/NoteRecorderEditorInspector.cs using Guid(a6d21440695444d4a939f357a8e857fe) Importer(815301076,1909f56bfc062723c751e8b465ee728b)  -> (artifact id: '46338c8a7c629af73646203fcd36759a') in 0.008044 seconds
  Import took 0.049766 seconds .

========================================================================
Received Prepare
Registering precompiled user dll's ...
Registered in 0.002279 seconds.
Begin MonoManager ReloadAssembly
Native extension for WindowsStandalone target not found
Native extension for WebGL target not found
Refreshing native plugins compatible for Editor in 0.30 ms, found 2 plugins.
Preloading 0 native plugins for Editor in 0.00 ms.
Mono: successfully reloaded assembly
- Completed reload, in  1.023 seconds
Platform modules already initialized, skipping
Refreshing native plugins compatible for Editor in 0.44 ms, found 2 plugins.
Preloading 0 native plugins for Editor in 0.00 ms.
Unloading 1491 Unused Serialized files (Serialized files now loaded: 0)
System memory in use before: 71.0 MB.
System memory in use after: 71.1 MB.

Unloading 13 unused Assets to reduce memory usage. Loaded Objects now: 1964.
Total: 3.550300 ms (FindLiveObjects: 0.831200 ms CreateObjectMapping: 0.112400 ms MarkObjects: 2.575100 ms  DeleteObjects: 0.029100 ms)

========================================================================
Received Prepare
Registering precompiled user dll's ...
Registered in 0.002759 seconds.
Begin MonoManager ReloadAssembly
Native extension for WindowsStandalone target not found
Native extension for WebGL target not found
Refreshing native plugins compatible for Editor in 0.30 ms, found 2 plugins.
Preloading 0 native plugins for Editor in 0.00 ms.
Mono: successfully reloaded assembly
- Completed reload, in  0.865 seconds
Platform modules already initialized, skipping
Refreshing native plugins compatible for Editor in 0.30 ms, found 2 plugins.
Preloading 0 native plugins for Editor in 0.00 ms.
Unloading 1491 Unused Serialized files (Serialized files now loaded: 0)
System memory in use before: 71.0 MB.
System memory in use after: 71.1 MB.

Unloading 13 unused Assets to reduce memory usage. Loaded Objects now: 1967.
Total: 1.918500 ms (FindLiveObjects: 0.143600 ms CreateObjectMapping: 0.040000 ms MarkObjects: 1.721500 ms  DeleteObjects: 0.012800 ms)

========================================================================
Received Import Request.
  Time since last request: 286.938408 seconds.
  path: Assets/Scripts/Audio/NoteRecorder/NoteRecorderEditorInspector.cs
  artifactKey: Guid(a6d21440695444d4a939f357a8e857fe) Importer(815301076,1909f56bfc062723c751e8b465ee728b)
Start importing Assets/Scripts/Audio/NoteRecorder/NoteRecorderEditorInspector.cs using Guid(a6d21440695444d4a939f357a8e857fe) Importer(815301076,1909f56bfc062723c751e8b465ee728b)  -> (artifact id: 'ac9f34df33b9225a1b7e117915884253') in 0.003329 seconds
  Import took 0.119969 seconds .

========================================================================
Received Prepare
Registering precompiled user dll's ...
Registered in 0.002603 seconds.
Begin MonoManager ReloadAssembly
Native extension for WindowsStandalone target not found
Native extension for WebGL target not found
Refreshing native plugins compatible for Editor in 0.29 ms, found 2 plugins.
Preloading 0 native plugins for Editor in 0.00 ms.
Mono: successfully reloaded assembly
- Completed reload, in  0.887 seconds
Platform modules already initialized, skipping
Refreshing native plugins compatible for Editor in 0.30 ms, found 2 plugins.
Preloading 0 native plugins for Editor in 0.00 ms.
Unloading 1491 Unused Serialized files (Serialized files now loaded: 0)
System memory in use before: 71.0 MB.
System memory in use after: 71.1 MB.

Unloading 13 unused Assets to reduce memory usage. Loaded Objects now: 1970.
Total: 1.711900 ms (FindLiveObjects: 0.130600 ms CreateObjectMapping: 0.043000 ms MarkObjects: 1.525000 ms  DeleteObjects: 0.012600 ms)

========================================================================
Received Prepare
Registering precompiled user dll's ...
Registered in 0.002421 seconds.
Begin MonoManager ReloadAssembly
Native extension for WindowsStandalone target not found
Native extension for WebGL target not found
Refreshing native plugins compatible for Editor in 0.29 ms, found 2 plugins.
Preloading 0 native plugins for Editor in 0.00 ms.
Mono: successfully reloaded assembly
- Completed reload, in  0.838 seconds
Platform modules already initialized, skipping
Refreshing native plugins compatible for Editor in 0.29 ms, found 2 plugins.
Preloading 0 native plugins for Editor in 0.00 ms.
Unloading 1491 Unused Serialized files (Serialized files now loaded: 0)
System memory in use before: 71.0 MB.
System memory in use after: 71.1 MB.

Unloading 13 unused Assets to reduce memory usage. Loaded Objects now: 1973.
Total: 1.986000 ms (FindLiveObjects: 0.135100 ms CreateObjectMapping: 0.041100 ms MarkObjects: 1.796200 ms  DeleteObjects: 0.012900 ms)

========================================================================
Received Prepare
Registering precompiled user dll's ...
Registered in 0.002851 seconds.
Begin MonoManager ReloadAssembly
Native extension for WindowsStandalone target not found
Native extension for WebGL target not found
Refreshing native plugins compatible for Editor in 0.30 ms, found 2 plugins.
Preloading 0 native plugins for Editor in 0.00 ms.
Mono: successfully reloaded assembly
- Completed reload, in  0.877 seconds
Platform modules already initialized, skipping
Refreshing native plugins compatible for Editor in 0.55 ms, found 2 plugins.
Preloading 0 native plugins for Editor in 0.00 ms.
Unloading 1491 Unused Serialized files (Serialized files now loaded: 0)
System memory in use before: 71.0 MB.
System memory in use after: 71.1 MB.

Unloading 13 unused Assets to reduce memory usage. Loaded Objects now: 1976.
Total: 3.529500 ms (FindLiveObjects: 0.197800 ms CreateObjectMapping: 0.063100 ms MarkObjects: 3.246000 ms  DeleteObjects: 0.021300 ms)

========================================================================
Received Prepare
Registering precompiled user dll's ...
Registered in 0.002503 seconds.
Begin MonoManager ReloadAssembly
Native extension for WindowsStandalone target not found
Native extension for WebGL target not found
Refreshing native plugins compatible for Editor in 0.35 ms, found 2 plugins.
Preloading 0 native plugins for Editor in 0.00 ms.
Mono: successfully reloaded assembly
- Completed reload, in  0.981 seconds
Platform modules already initialized, skipping
Refreshing native plugins compatible for Editor in 0.30 ms, found 2 plugins.
Preloading 0 native plugins for Editor in 0.00 ms.
Unloading 1491 Unused Serialized files (Serialized files now loaded: 0)
System memory in use before: 71.1 MB.
System memory in use after: 71.2 MB.

Unloading 13 unused Assets to reduce memory usage. Loaded Objects now: 1979.
Total: 2.015200 ms (FindLiveObjects: 0.134000 ms CreateObjectMapping: 0.042000 ms MarkObjects: 1.826100 ms  DeleteObjects: 0.012500 ms)

========================================================================
Received Prepare
Registering precompiled user dll's ...
Registered in 0.002569 seconds.
Begin MonoManager ReloadAssembly
Native extension for WindowsStandalone target not found
Native extension for WebGL target not found
Refreshing native plugins compatible for Editor in 0.29 ms, found 2 plugins.
Preloading 0 native plugins for Editor in 0.00 ms.
Mono: successfully reloaded assembly
- Completed reload, in  0.863 seconds
Platform modules already initialized, skipping
Refreshing native plugins compatible for Editor in 0.29 ms, found 2 plugins.
Preloading 0 native plugins for Editor in 0.00 ms.
Unloading 1491 Unused Serialized files (Serialized files now loaded: 0)
System memory in use before: 71.1 MB.
System memory in use after: 71.2 MB.

Unloading 13 unused Assets to reduce memory usage. Loaded Objects now: 1982.
Total: 1.834800 ms (FindLiveObjects: 0.126000 ms CreateObjectMapping: 0.042400 ms MarkObjects: 1.653000 ms  DeleteObjects: 0.012500 ms)

========================================================================
Received Prepare
Registering precompiled user dll's ...
Registered in 0.002456 seconds.
Begin MonoManager ReloadAssembly
Native extension for WindowsStandalone target not found
Native extension for WebGL target not found
Refreshing native plugins compatible for Editor in 0.29 ms, found 2 plugins.
Preloading 0 native plugins for Editor in 0.00 ms.
Mono: successfully reloaded assembly
- Completed reload, in  0.829 seconds
Platform modules already initialized, skipping
Refreshing native plugins compatible for Editor in 0.30 ms, found 2 plugins.
Preloading 0 native plugins for Editor in 0.00 ms.
Unloading 1491 Unused Serialized files (Serialized files now loaded: 0)
System memory in use before: 71.1 MB.
System memory in use after: 71.2 MB.

Unloading 13 unused Assets to reduce memory usage. Loaded Objects now: 1985.
Total: 1.815000 ms (FindLiveObjects: 0.142600 ms CreateObjectMapping: 0.039700 ms MarkObjects: 1.618600 ms  DeleteObjects: 0.013400 ms)

========================================================================
Received Import Request.
  Time since last request: 2756.472154 seconds.
  path: Assets/Scripts/Audio/NoteRecorder/Ingredient.cs
  artifactKey: Guid(da625d6444b144c46b4b58ace7df27ec) Importer(815301076,1909f56bfc062723c751e8b465ee728b)
Start importing Assets/Scripts/Audio/NoteRecorder/Ingredient.cs using Guid(da625d6444b144c46b4b58ace7df27ec) Importer(815301076,1909f56bfc062723c751e8b465ee728b)  -> (artifact id: '4db4dfc6b4f1d9fbaa742be7524a9aeb') in 0.009008 seconds
  Import took 0.018220 seconds .

========================================================================
Received Prepare
Registering precompiled user dll's ...
Registered in 0.002356 seconds.
Begin MonoManager ReloadAssembly
Native extension for WindowsStandalone target not found
Native extension for WebGL target not found
Refreshing native plugins compatible for Editor in 0.31 ms, found 2 plugins.
Preloading 0 native plugins for Editor in 0.00 ms.
Mono: successfully reloaded assembly
- Completed reload, in  0.950 seconds
Platform modules already initialized, skipping
Refreshing native plugins compatible for Editor in 0.32 ms, found 2 plugins.
Preloading 0 native plugins for Editor in 0.00 ms.
Unloading 1492 Unused Serialized files (Serialized files now loaded: 0)
System memory in use before: 71.1 MB.
System memory in use after: 71.2 MB.

Unloading 13 unused Assets to reduce memory usage. Loaded Objects now: 1989.
Total: 1.829700 ms (FindLiveObjects: 0.140300 ms CreateObjectMapping: 0.042800 ms MarkObjects: 1.632100 ms  DeleteObjects: 0.013800 ms)

========================================================================
Received Prepare
Registering precompiled user dll's ...
Registered in 0.003042 seconds.
Begin MonoManager ReloadAssembly
Native extension for WindowsStandalone target not found
Native extension for WebGL target not found
Refreshing native plugins compatible for Editor in 0.30 ms, found 2 plugins.
Preloading 0 native plugins for Editor in 0.00 ms.
Mono: successfully reloaded assembly
- Completed reload, in  0.832 seconds
Platform modules already initialized, skipping
Refreshing native plugins compatible for Editor in 0.30 ms, found 2 plugins.
Preloading 0 native plugins for Editor in 0.00 ms.
Unloading 1492 Unused Serialized files (Serialized files now loaded: 0)
System memory in use before: 71.1 MB.
System memory in use after: 71.2 MB.

Unloading 13 unused Assets to reduce memory usage. Loaded Objects now: 1992.
Total: 1.903600 ms (FindLiveObjects: 0.149800 ms CreateObjectMapping: 0.041800 ms MarkObjects: 1.698000 ms  DeleteObjects: 0.013200 ms)

========================================================================
Received Import Request.
  Time since last request: 19.452370 seconds.
  path: Assets/Scripts/Audio/NoteRecorder/Ingredient.cs
  artifactKey: Guid(da625d6444b144c46b4b58ace7df27ec) Importer(815301076,1909f56bfc062723c751e8b465ee728b)
Start importing Assets/Scripts/Audio/NoteRecorder/Ingredient.cs using Guid(da625d6444b144c46b4b58ace7df27ec) Importer(815301076,1909f56bfc062723c751e8b465ee728b)  -> (artifact id: 'ce01fba1bf42cd1ab3561ad2e9657a24') in 0.003925 seconds
  Import took 0.021397 seconds .

========================================================================
Received Import Request.
  Time since last request: 22.395830 seconds.
  path: Assets/Scripts/Audio/NoteRecorder/NoteRecorderEditorInspector.cs
  artifactKey: Guid(a6d21440695444d4a939f357a8e857fe) Importer(815301076,1909f56bfc062723c751e8b465ee728b)
Start importing Assets/Scripts/Audio/NoteRecorder/NoteRecorderEditorInspector.cs using Guid(a6d21440695444d4a939f357a8e857fe) Importer(815301076,1909f56bfc062723c751e8b465ee728b)  -> (artifact id: '9bd0aa54f23d4c2184f5b8e529fd6649') in 0.002198 seconds
  Import took 0.017365 seconds .

========================================================================
Received Import Request.
  Time since last request: 0.000449 seconds.
  path: Assets/Scripts/Audio/NoteRecorder/NoteRecorderEditorInspector.cs
  artifactKey: Guid(a6d21440695444d4a939f357a8e857fe) Importer(815301076,1909f56bfc062723c751e8b465ee728b)
Start importing Assets/Scripts/Audio/NoteRecorder/NoteRecorderEditorInspector.cs using Guid(a6d21440695444d4a939f357a8e857fe) Importer(815301076,1909f56bfc062723c751e8b465ee728b)  -> (artifact id: '9bd0aa54f23d4c2184f5b8e529fd6649') in 0.002448 seconds
  Import took 0.004815 seconds .

AssetImportWorkerClient::OnTransportError - code=2 error=End of file
